<?xml version="1.0" encoding="UTF-8"?>
<!-- Generated by org.testng.reporters.JUnitXMLReporter -->
<testsuite ignored="0" hostname="PureBook-S14" failures="0" tests="3" name="Default test" time="107.595" errors="0" timestamp="2025-04-19T15:40:18 IST">
  <testcase classname="Contacts.CreateContactScenariosTest" name="CreateContact" time="20.657"/>
  <testcase classname="Contacts.CreateContactScenariosTest" name="CreateContactwithorg" time="38.5"/>
  <testcase classname="Contacts.CreateContactScenariosTest" name="CreateContactwithsupportdate" time="18.633"/>
</testsuite> <!-- Default test -->
