<?xml version="1.0" encoding="UTF-8"?>
<!-- Generated by org.testng.reporters.JUnitXMLReporter -->
<testsuite ignored="0" hostname="PureBook-S14" failures="0" tests="3" name="Default test" time="54.691" errors="0" timestamp="2025-04-16T15:38:51 IST">
  <testcase classname="Organization.createOrganizationScenarios" name="createorgaWithIndustry" time="9.935"/>
  <testcase classname="Organization.createOrganizationScenarios" name="createorganization" time="13.077"/>
  <testcase classname="Organization.createOrganizationScenarios" name="createorganizationwithphnno" time="12.805"/>
</testsuite> <!-- Default test -->
