<?xml version="1.0" encoding="UTF-8"?>
<!-- Generated by org.testng.reporters.JUnitXMLReporter -->
<testsuite ignored="4" hostname="PureBook-S14" failures="0" tests="6" name="Test" time="196.331" errors="0" timestamp="2025-04-14T14:16:36 IST">
  <testcase classname="Organization.createOrganizationScenarios" name="createorgaWithIndustry" time="20.751"/>
  <testcase classname="Organization.createOrganizationScenarios" name="createorganization" time="18.129"/>
  <testcase classname="Organization.createOrganizationScenarios" name="createorganizationwithphnno" time="23.276"/>
  <testcase classname="Contacts.CreateContactScenarios" name="CreateContact" time="16.608"/>
  <testcase classname="Contacts.CreateContactScenarios" name="CreateContactwithorg" time="32.839"/>
  <testcase classname="Contacts.CreateContactScenarios" name="CreateContactwithsupportdate" time="18.612"/>
  <testcase classname="BaseClassUtility.Baseclass" name="@AfterSuite afterSuite" time="0.0">
    <ignored/>
  </testcase> <!-- @AfterSuite afterSuite -->
  <testcase classname="BaseClassUtility.Baseclass" name="@AfterTest afterTest" time="0.0">
    <ignored/>
  </testcase> <!-- @AfterTest afterTest -->
  <testcase classname="BaseClassUtility.Baseclass" name="@BeforeTest beforeTest" time="0.0">
    <ignored/>
  </testcase> <!-- @BeforeTest beforeTest -->
  <testcase classname="BaseClassUtility.Baseclass" name="@BeforeSuite beforeSuite" time="0.0">
    <ignored/>
  </testcase> <!-- @BeforeSuite beforeSuite -->
</testsuite> <!-- Test -->
