<?xml version="1.0" encoding="UTF-8"?>
<!-- Generated by org.testng.reporters.JUnitXMLReporter -->
<testsuite ignored="8" hostname="PureBook-S14" failures="0" tests="2" name="Test" time="35.334" errors="0" timestamp="2025-04-21T14:37:40 IST">
  <testcase classname="Organization.CreateOrganizationScenariosTest" name="createorganization" time="10.91"/>
  <testcase classname="Contacts.CreateContactScenariosTest" name="CreateContact" time="10.219"/>
  <testcase classname="BaseClassUtility.Baseclass" name="@BeforeTest beforeTest" time="0.0">
    <ignored/>
  </testcase> <!-- @BeforeTest beforeTest -->
  <testcase classname="Organization.CreateOrganizationScenariosTest" name="createorgaWithIndustry" time="0.0">
    <ignored/>
  </testcase> <!-- createorgaWithIndustry -->
  <testcase classname="BaseClassUtility.Baseclass" name="@AfterSuite afterSuite" time="0.0">
    <ignored/>
  </testcase> <!-- @AfterSuite afterSuite -->
  <testcase classname="Organization.CreateOrganizationScenariosTest" name="createorganizationwithphnno" time="0.0">
    <ignored/>
  </testcase> <!-- createorganizationwithphnno -->
  <testcase classname="BaseClassUtility.Baseclass" name="@AfterTest afterTest" time="0.0">
    <ignored/>
  </testcase> <!-- @AfterTest afterTest -->
  <testcase classname="Contacts.CreateContactScenariosTest" name="CreateContactwithorg" time="0.0">
    <ignored/>
  </testcase> <!-- CreateContactwithorg -->
  <testcase classname="Contacts.CreateContactScenariosTest" name="CreateContactwithsupportdate" time="0.0">
    <ignored/>
  </testcase> <!-- CreateContactwithsupportdate -->
  <testcase classname="BaseClassUtility.Baseclass" name="@BeforeSuite beforeSuite" time="0.0">
    <ignored/>
  </testcase> <!-- @BeforeSuite beforeSuite -->
</testsuite> <!-- Test -->
