<?xml version="1.0" encoding="UTF-8"?>
<testng-results ignored="0" total="2" passed="2" failed="0" skipped="0">
  <reporter-output>
    <line>
      <![CDATA[Report configuration]]>
    </line>
    <line>
      <![CDATA[Configure the DB:Connect]]>
    </line>
    <line>
      <![CDATA[BT:Parallel Exe]]>
    </line>
    <line>
      <![CDATA[Launch the browser]]>
    </line>
    <line>
      <![CDATA[Login to the appln]]>
    </line>
    <line>
      <![CDATA[createorganization--Started--]]>
    </line>
    <line>
      <![CDATA[createorganization--Success--]]>
    </line>
    <line>
      <![CDATA[Logout to the appln]]>
    </line>
    <line>
      <![CDATA[close the browser]]>
    </line>
    <line>
      <![CDATA[Launch the browser]]>
    </line>
    <line>
      <![CDATA[Login to the appln]]>
    </line>
    <line>
      <![CDATA[CreateContact--Started--]]>
    </line>
    <line>
      <![CDATA[CreateContact--Success--]]>
    </line>
    <line>
      <![CDATA[Logout to the appln]]>
    </line>
    <line>
      <![CDATA[close the browser]]>
    </line>
    <line>
      <![CDATA[AT:Parallel Exe]]>
    </line>
    <line>
      <![CDATA[Close the DB Connection]]>
    </line>
  </reporter-output>
  <suite started-at="2025-04-21T14:37:04 IST" name="Suite" finished-at="2025-04-21T14:37:40 IST" duration-ms="35334">
    <groups>
      <group name="smoke">
        <method signature="CreateContactScenariosTest.CreateContact()[pri:0, instance:Contacts.CreateContactScenariosTest@247310d0]" name="CreateContact" class="Contacts.CreateContactScenariosTest"/>
        <method signature="CreateOrganizationScenariosTest.createorganization()[pri:0, instance:Organization.CreateOrganizationScenariosTest@70ed52de]" name="createorganization" class="Organization.CreateOrganizationScenariosTest"/>
      </group> <!-- smoke -->
    </groups>
    <test started-at="2025-04-21T14:37:04 IST" name="Test" finished-at="2025-04-21T14:37:40 IST" duration-ms="35334">
      <class name="Organization.CreateOrganizationScenariosTest">
        <test-method is-config="true" signature="beforeSuite()[pri:0, instance:Organization.CreateOrganizationScenariosTest@70ed52de]" started-at="2025-04-21T14:37:04 IST" name="beforeSuite" finished-at="2025-04-21T14:37:04 IST" duration-ms="379" status="PASS">
          <reporter-output>
            <line>
              <![CDATA[Configure the DB:Connect]]>
            </line>
          </reporter-output>
        </test-method> <!-- beforeSuite -->
        <test-method is-config="true" signature="beforeTest()[pri:0, instance:Organization.CreateOrganizationScenariosTest@70ed52de]" started-at="2025-04-21T14:37:04 IST" name="beforeTest" finished-at="2025-04-21T14:37:04 IST" duration-ms="1" status="PASS">
          <reporter-output>
            <line>
              <![CDATA[BT:Parallel Exe]]>
            </line>
          </reporter-output>
        </test-method> <!-- beforeTest -->
        <test-method is-config="true" signature="beforeClass()[pri:0, instance:Organization.CreateOrganizationScenariosTest@70ed52de]" started-at="2025-04-21T14:37:04 IST" name="beforeClass" finished-at="2025-04-21T14:37:07 IST" duration-ms="2151" status="PASS">
          <reporter-output>
            <line>
              <![CDATA[Launch the browser]]>
            </line>
          </reporter-output>
        </test-method> <!-- beforeClass -->
        <test-method is-config="true" signature="beforeMethod()[pri:0, instance:Organization.CreateOrganizationScenariosTest@70ed52de]" started-at="2025-04-21T14:37:07 IST" name="beforeMethod" finished-at="2025-04-21T14:37:09 IST" duration-ms="2903" status="PASS">
          <reporter-output>
            <line>
              <![CDATA[Login to the appln]]>
            </line>
          </reporter-output>
        </test-method> <!-- beforeMethod -->
        <test-method signature="createorganization()[pri:0, instance:Organization.CreateOrganizationScenariosTest@70ed52de]" started-at="2025-04-21T14:37:09 IST" name="createorganization" finished-at="2025-04-21T14:37:20 IST" duration-ms="10910" status="PASS">
          <reporter-output>
            <line>
              <![CDATA[createorganization--Started--]]>
            </line>
            <line>
              <![CDATA[createorganization--Success--]]>
            </line>
          </reporter-output>
        </test-method> <!-- createorganization -->
        <test-method is-config="true" signature="afterMethod()[pri:0, instance:Organization.CreateOrganizationScenariosTest@70ed52de]" started-at="2025-04-21T14:37:20 IST" name="afterMethod" finished-at="2025-04-21T14:37:23 IST" duration-ms="3110" status="PASS">
          <reporter-output>
            <line>
              <![CDATA[Logout to the appln]]>
            </line>
          </reporter-output>
        </test-method> <!-- afterMethod -->
        <test-method is-config="true" signature="afterClass()[pri:0, instance:Organization.CreateOrganizationScenariosTest@70ed52de]" started-at="2025-04-21T14:37:23 IST" name="afterClass" finished-at="2025-04-21T14:37:24 IST" duration-ms="285" status="PASS">
          <reporter-output>
            <line>
              <![CDATA[close the browser]]>
            </line>
          </reporter-output>
        </test-method> <!-- afterClass -->
        <test-method is-config="true" signature="afterTest()[pri:0, instance:Organization.CreateOrganizationScenariosTest@70ed52de]" started-at="2025-04-21T14:37:40 IST" name="afterTest" finished-at="2025-04-21T14:37:40 IST" duration-ms="0" status="PASS">
          <reporter-output>
            <line>
              <![CDATA[AT:Parallel Exe]]>
            </line>
          </reporter-output>
        </test-method> <!-- afterTest -->
        <test-method is-config="true" signature="afterSuite()[pri:0, instance:Organization.CreateOrganizationScenariosTest@70ed52de]" started-at="2025-04-21T14:37:40 IST" name="afterSuite" finished-at="2025-04-21T14:37:40 IST" duration-ms="3" status="PASS">
          <reporter-output>
            <line>
              <![CDATA[Close the DB Connection]]>
            </line>
          </reporter-output>
        </test-method> <!-- afterSuite -->
      </class> <!-- Organization.CreateOrganizationScenariosTest -->
      <class name="Contacts.CreateContactScenariosTest">
        <test-method is-config="true" signature="beforeClass()[pri:0, instance:Contacts.CreateContactScenariosTest@247310d0]" started-at="2025-04-21T14:37:24 IST" name="beforeClass" finished-at="2025-04-21T14:37:25 IST" duration-ms="1556" status="PASS">
          <reporter-output>
            <line>
              <![CDATA[Launch the browser]]>
            </line>
          </reporter-output>
        </test-method> <!-- beforeClass -->
        <test-method is-config="true" signature="beforeMethod()[pri:0, instance:Contacts.CreateContactScenariosTest@247310d0]" started-at="2025-04-21T14:37:25 IST" name="beforeMethod" finished-at="2025-04-21T14:37:26 IST" duration-ms="942" status="PASS">
          <reporter-output>
            <line>
              <![CDATA[Login to the appln]]>
            </line>
          </reporter-output>
        </test-method> <!-- beforeMethod -->
        <test-method signature="CreateContact()[pri:0, instance:Contacts.CreateContactScenariosTest@247310d0]" started-at="2025-04-21T14:37:26 IST" name="CreateContact" finished-at="2025-04-21T14:37:36 IST" duration-ms="10219" status="PASS">
          <reporter-output>
            <line>
              <![CDATA[CreateContact--Started--]]>
            </line>
            <line>
              <![CDATA[CreateContact--Success--]]>
            </line>
          </reporter-output>
        </test-method> <!-- CreateContact -->
        <test-method is-config="true" signature="afterMethod()[pri:0, instance:Contacts.CreateContactScenariosTest@247310d0]" started-at="2025-04-21T14:37:36 IST" name="afterMethod" finished-at="2025-04-21T14:37:39 IST" duration-ms="2944" status="PASS">
          <reporter-output>
            <line>
              <![CDATA[Logout to the appln]]>
            </line>
          </reporter-output>
        </test-method> <!-- afterMethod -->
        <test-method is-config="true" signature="afterClass()[pri:0, instance:Contacts.CreateContactScenariosTest@247310d0]" started-at="2025-04-21T14:37:39 IST" name="afterClass" finished-at="2025-04-21T14:37:40 IST" duration-ms="268" status="PASS">
          <reporter-output>
            <line>
              <![CDATA[close the browser]]>
            </line>
          </reporter-output>
        </test-method> <!-- afterClass -->
      </class> <!-- Contacts.CreateContactScenariosTest -->
    </test> <!-- Test -->
  </suite> <!-- Suite -->
</testng-results>
